Hyperparameters: {'rank': 6, 'encoded_size': 50, 'encoder_hidden_layers': [200, 200], 'numepochs': 200, 'clip_grad_value': 2.0}
Log file = /Users/sourya/work/Essence/deep-koopman/examples/naca0012/hyp_search_9pZsmXvXrD2uTsgopX9TQo/log_KA4a2nEC6rQhkNX3wuQ69V.log

Hyperparameters: {'rank': 6, 'encoded_size': 50, 'encoder_hidden_layers': [200, 200], 'numepochs': 300, 'clip_grad_value': 2.0}
Log file = /Users/sourya/work/Essence/deep-koopman/examples/naca0012/hyp_search_9pZsmXvXrD2uTsgopX9TQo/log_YjCJK3cNcuxwfQLMBFHn66.log

Hyperparameters: {'rank': 6, 'encoded_size': 50, 'encoder_hidden_layers': [200, 200], 'numepochs': 400, 'clip_grad_value': 2.0}
Log file = /Users/sourya/work/Essence/deep-koopman/examples/naca0012/hyp_search_9pZsmXvXrD2uTsgopX9TQo/log_ZTdhCZkbhQbtdEDpvnd9pc.log

Hyperparameters: {'rank': 6, 'encoded_size': 50, 'encoder_hidden_layers': [300, 200, 100], 'numepochs': 200, 'clip_grad_value': 2.0}
Log file = /Users/sourya/work/Essence/deep-koopman/examples/naca0012/hyp_search_9pZsmXvXrD2uTsgopX9TQo/log_egeNMmiTxBbkn2VTE75K8S.log

Hyperparameters: {'rank': 6, 'encoded_size': 50, 'encoder_hidden_layers': [300, 200, 100], 'numepochs': 300, 'clip_grad_value': 2.0}
Log file = /Users/sourya/work/Essence/deep-koopman/examples/naca0012/hyp_search_9pZsmXvXrD2uTsgopX9TQo/log_NefvAiyWQRvcp658w4VsbC.log

Hyperparameters: {'rank': 6, 'encoded_size': 50, 'encoder_hidden_layers': [300, 200, 100], 'numepochs': 400, 'clip_grad_value': 2.0}
Log file = /Users/sourya/work/Essence/deep-koopman/examples/naca0012/hyp_search_9pZsmXvXrD2uTsgopX9TQo/log_NiTum6MCqihid7SWksoQ4Y.log

Hyperparameters: {'rank': 6, 'encoded_size': 100, 'encoder_hidden_layers': [200, 200], 'numepochs': 200, 'clip_grad_value': 2.0}
Log file = /Users/sourya/work/Essence/deep-koopman/examples/naca0012/hyp_search_9pZsmXvXrD2uTsgopX9TQo/log_QpaKYFGJVUi2twjuCP4o83.log

Hyperparameters: {'rank': 6, 'encoded_size': 100, 'encoder_hidden_layers': [200, 200], 'numepochs': 300, 'clip_grad_value': 2.0}
Log file = /Users/sourya/work/Essence/deep-koopman/examples/naca0012/hyp_search_9pZsmXvXrD2uTsgopX9TQo/log_VABy9y97E6WteUp2aibefS.log

Hyperparameters: {'rank': 6, 'encoded_size': 100, 'encoder_hidden_layers': [200, 200], 'numepochs': 400, 'clip_grad_value': 2.0}
Log file = /Users/sourya/work/Essence/deep-koopman/examples/naca0012/hyp_search_9pZsmXvXrD2uTsgopX9TQo/log_6Kb5BeQguV4EwCGJ4teYtm.log

Hyperparameters: {'rank': 6, 'encoded_size': 100, 'encoder_hidden_layers': [300, 200, 100], 'numepochs': 200, 'clip_grad_value': 2.0}
Log file = /Users/sourya/work/Essence/deep-koopman/examples/naca0012/hyp_search_9pZsmXvXrD2uTsgopX9TQo/log_L8VxmBPoBrqtHf2QpdtTwd.log

Hyperparameters: {'rank': 6, 'encoded_size': 100, 'encoder_hidden_layers': [300, 200, 100], 'numepochs': 300, 'clip_grad_value': 2.0}
Log file = /Users/sourya/work/Essence/deep-koopman/examples/naca0012/hyp_search_9pZsmXvXrD2uTsgopX9TQo/log_4xenLgm6HUcoTWZPLXZsfH.log

Hyperparameters: {'rank': 6, 'encoded_size': 100, 'encoder_hidden_layers': [300, 200, 100], 'numepochs': 400, 'clip_grad_value': 2.0}
Log file = /Users/sourya/work/Essence/deep-koopman/examples/naca0012/hyp_search_9pZsmXvXrD2uTsgopX9TQo/log_FPv99NnRocJiQCrtsfF8ZJ.log

